C51 COMPILER V7.50   MAIN                                                                  04/26/2018 21:29:22 PAGE 1   


C51 COMPILER V7.50, COMPILATION OF MODULE MAIN
OBJECT MODULE PLACED IN .\main.obj
COMPILER INVOKED BY: d:\Keil\C51\BIN\C51.EXE ..\code\main.c LARGE BROWSE DEBUG OBJECTEXTEND PRINT(.\main.lst) OBJECT(.\m
                    -ain.obj)

line level    source

   1          #include "include.h"
   2          
   3          
   4          sbit FMQ=P3^4;
   5          
   6          sbit LED1=P1^0;
   7          sbit LED2=P1^1;
   8          sbit LED3=P1^2;
   9          
  10          sbit STAT=P1^3;
  11          sbit EN=P1^4;
  12          void delay_ms( INT16U tms )
  13          {
  14   1          INT16U i;
  15   1      
  16   1          while( tms-- )
  17   1          {
  18   2              for( i = 0; i < 300; i ++ )
  19   2              {
  20   3                  nop();
  21   3                  nop();
  22   3                  nop();
  23   3                  nop();
  24   3                  nop();
  25   3                  nop();
  26   3              }
  27   2          }
  28   1      }
  29          
  30          void init_port( void )
  31          {
  32   1      //    P0M1 = 0x00;
  33   1      //    P0M0 = 0xff;
  34   1      
  35   1          P3M1 &= ~0x10;
  36   1          P3M0 |= 0x10;
  37   1          //
  38   1          //  P1M1=0x00;
  39   1          //  P1M0=0x00;
  40   1          //
  41   1          //  P2M1=0x00;
  42   1          //  P2M0=0xff;
  43   1          //
  44   1          //  P30=1;
  45   1          //  P3M1=0x41;
  46   1          //  P3M0=0xa2;
  47   1          //
  48   1          //  P4M1=0x02;
  49   1          //  P4M0=0x00;
  50   1          BEEP_OFF;
  51   1          LED_OFF;
  52   1      }
  53          
  54          void init_par( void )
C51 COMPILER V7.50   MAIN                                                                  04/26/2018 21:29:22 PAGE 2   

  55          {
  56   1          BEEP_OFF;
  57   1          LED_OFF;
  58   1      }
  59          
  60          void init_wdt( void )    //2.7S
  61          {
  62   1          //  WDT_CONTR = 0xC1;
  63   1          //  WDT_CONTR = 0x3E;
  64   1      }
  65          
  66          void feed_wdt( void )
  67          {
  68   1          //  WDT_CONTR = 0x3E;
  69   1      }
  70          
  71          void init_all(void)
  72          {
  73   1          EA = 0;
  74   1      
  75   1          init_timer();
  76   1          init_uart();
  77   1          init_port();
  78   1      
  79   1          //init_rc522();
  80   1          init_par();
  81   1          init_wdt();
  82   1      
  83   1          EA = 1;
  84   1      }
  85          /*
  86          void delay(int ms)// 延时子程序
  87          {
  88              char i;
  89              while(ms--)
  90              {
  91                  for(i=0;i<120;i++);
  92              }
  93          }*/
  94          /*
  95          void ledc(int i)
  96          {
  97              P1 |= i;
  98              delay(2000);
  99              P1 &= ~i;
 100              delay(2000);
 101              P1 |= i;
 102              delay(2000);
 103              P1 &= ~i;
 104          }
 105          */
 106          void main(void)
 107          {
 108   1      
 109   1          if((PCON&0x10)==0) //如果POF位=0
 110   1          {
 111   2             PCON=PCON|0x10;  //将POF位置1
 112   2             IAP_CONTR=0x60;  //软复位,从ISP监控区启动
 113   2          }
 114   1          else
 115   1          {
 116   2             PCON=PCON&0xef;  //将POF位清零
C51 COMPILER V7.50   MAIN                                                                  04/26/2018 21:29:22 PAGE 3   

 117   2          }
 118   1      
 119   1          lcdInitinal();
 120   1          lcdMsg("创思通信",2,2);
 121   1          lcdMsg("www.csgsm.com",4,1);
 122   1          delay_ms(1000);
 123   1          lcdInitinal();
 124   1          delay_ms(2);
 125   1          lcdMsg("蓝牙模块",1,2);
 126   1          lcdMsg("www.csgsm.com",2,1);
 127   1      
 128   1          init_all();
 129   1          clear_buf_uart();
 130   1      #if     0
                  {
                      init_all();
              
                      feed_wdt();
                      ctrl_process();
                      
                  }
              #endif
 139   1              STAT=1;
 140   1              EN = 1;
 141   1          while(1)
 142   1          {
 143   2              delay_ms(500);
 144   2              if(strlen(UartBuf)> 0)
 145   2              {
 146   3                  if(strstr(UartBuf,"f1")!=NULL)
 147   3                  {
 148   4                      pass();
 149   4      //                FMQ=1;
 150   4                      delay_ms(1000);
 151   4                  }
 152   3                  if(strstr(UartBuf,"f0")!=NULL)
 153   3                  {
 154   4                      warn();
 155   4      //                FMQ=0;
 156   4                      delay_ms(1000);
 157   4                  }
 158   3                  if(strstr(UartBuf,"k11")!=NULL)
 159   3                  {
 160   4      
 161   4                      LED1=0;
 162   4                  }
 163   3                  if(strstr(UartBuf,"k10")!=NULL)
 164   3                  {
 165   4                      LED1=1;
 166   4                  }
 167   3                  if(strstr(UartBuf,"k21")!=NULL)
 168   3                  {
 169   4                      LED2=0;
 170   4                  }
 171   3                  if(strstr(UartBuf,"k20")!=NULL)
 172   3                  {
 173   4                      LED2=1;
 174   4                  }
 175   3                  if(strstr(UartBuf,"k31")!=NULL)
 176   3                  {
 177   4                      LED3=0;
 178   4                  }
C51 COMPILER V7.50   MAIN                                                                  04/26/2018 21:29:22 PAGE 4   

 179   3                  if(strstr(UartBuf,"k30")!=NULL)
 180   3                  {
 181   4                      LED3=1;
 182   4                  }
 183   3      
 184   3                  if(strstr(UartBuf,"+")==NULL&&strstr(UartBuf,"ER")==NULL&&strstr(UartBuf,":")==NULL&&strstr(Ua
             -rtBuf,"NEC")==NULL)
 185   3                  {
 186   4                      lcdMsg("----------------",3,0);
 187   4                      lcdMsg("----------------",4,0);
 188   4                      lcdMsg(UartBuf,3,0);
 189   4                      send_bytes(UartBuf);
 190   4                      send_bytes("\r\nSEND OK\r\n");
 191   4                              lcdMsg("  蓝牙模块  ",1,0);
 192   4                              lcdMsg(" www.csgsm.com  ",2,0);
 193   4                  }
 194   3      
 195   3                  clear_buf_uart();
 196   3              }
 197   2          }
 198   1      
 199   1      }


MODULE INFORMATION:   STATIC OVERLAYABLE
   CODE SIZE        =    686    ----
   CONSTANT SIZE    =    132    ----
   XDATA SIZE       =   ----    ----
   PDATA SIZE       =   ----    ----
   DATA SIZE        =   ----    ----
   IDATA SIZE       =   ----    ----
   BIT SIZE         =   ----    ----
END OF MODULE INFORMATION.


C51 COMPILATION COMPLETE.  0 WARNING(S),  0 ERROR(S)
